Arguments: 
  C:\Program Files\nodejs\node.exe C:\Users\master\AppData\Roaming\npm\node_modules\yarn\bin\yarn.js start

PATH: 
  C:\Program Files\Git\mingw64\bin;C:\Program Files\Git\usr\bin;C:\Users\master\bin;C:\Program Files (x86)\Common Files\Oracle\Java\javapath;C:\WINDOWS\system32;C:\WINDOWS;C:\WINDOWS\System32\Wbem;C:\WINDOWS\System32\WindowsPowerShell\v1.0;C:\WINDOWS\System32\OpenSSH;C:\Program Files\Java\jdk-11.0.7\bin;C:\Program Files\nodejs;C:\Program Files\MySQL\MySQL Server 8.0\bin;C:\Program Files\Git\cmd;C:\Program Files\Docker\Docker\resources\bin;C:\ProgramData\DockerDesktop\version-bin;C:\Program Files\MySQL\MySQL Shell 8.0\bin;C:\Users\master\AppData\Local\Microsoft\WindowsApps;C:\Program Files\JetBrains\PyCharm Community Edition 2019.3\bin;C:\Program Files\JetBrains\IntelliJ IDEA Community Edition 2020.1.1\bin;C:\Users\master\AppData\Roaming\npm;C:\Users\master\AppData\Local\GitHubDesktop\bin;C:\Users\master\AppData\Local\Programs\Microsoft VS Code\bin;C:\FFmpeg\bin

Yarn version: 
  1.22.4

Node version: 
  12.18.0

Platform: 
  win32 x64

Trace: 
  SyntaxError: D:\[git]LocalRepository2\201102_basic_typescript\package.json: Unexpected string in JSON at position 217
      at JSON.parse (<anonymous>)
      at C:\Users\master\AppData\Roaming\npm\node_modules\yarn\lib\cli.js:1625:59
      at Generator.next (<anonymous>)
      at step (C:\Users\master\AppData\Roaming\npm\node_modules\yarn\lib\cli.js:310:30)
      at C:\Users\master\AppData\Roaming\npm\node_modules\yarn\lib\cli.js:321:13

npm manifest: 
  {
    "name": "201102_basic_typescript",
    "version": "1.0.0",
    "main": "index.js",
    "repository": "https://github.com/MJbae/201102_basic_typescript.git",
    "author": "MJbae <bmj5208@gmail.com>",
    "license": "MIT"
    "scripts": {
      "start": "node index.js",
      "prestart": "tsc"
    }
  }

yarn manifest: 
  No manifest

Lockfile: 
  No lockfile
